<?xml version="1.0" encoding="UTF-8"?>
<testng-results skipped="0" failed="0" ignored="0" total="1" passed="1">
  <reporter-output>
  </reporter-output>
  <suite name="Default suite" duration-ms="53" started-at="2018-06-20T10:24:50Z" finished-at="2018-06-20T10:24:50Z">
    <groups>
    </groups>
    <test name="Default test" duration-ms="53" started-at="2018-06-20T10:24:50Z" finished-at="2018-06-20T10:24:50Z">
      <class name="Basic.Basic.printing">
        <test-method status="PASS" signature="before()[pri:0, instance:Basic.Basic.printing@573f2bb1]" name="before" is-config="true" duration-ms="9" started-at="2018-06-20T15:54:50Z" finished-at="2018-06-20T15:54:50Z">
          <reporter-output>
          </reporter-output>
        </test-method> <!-- before -->
        <test-method status="PASS" signature="test()[pri:0, instance:Basic.Basic.printing@573f2bb1]" name="test" duration-ms="11" started-at="2018-06-20T15:54:50Z" finished-at="2018-06-20T15:54:50Z">
          <reporter-output>
          </reporter-output>
        </test-method> <!-- test -->
        <test-method status="PASS" signature="after()[pri:0, instance:Basic.Basic.printing@573f2bb1]" name="after" is-config="true" duration-ms="1" started-at="2018-06-20T15:54:50Z" finished-at="2018-06-20T15:54:50Z">
          <reporter-output>
          </reporter-output>
        </test-method> <!-- after -->
      </class> <!-- Basic.Basic.printing -->
    </test> <!-- Default test -->
  </suite> <!-- Default suite -->
</testng-results>
